This file contains any messages produced by compilers while
running configure, to aid debugging if configure makes a mistake.

It was created by tanidvr configure 1.4.1, which was
generated by GNU Autoconf 2.71.  Invocation command line was

  $ ./configure --no-create --no-recursion

## --------- ##
## Platform. ##
## --------- ##

hostname = jaskooner-OMEN-by-HP-Laptop-17-an0xx
uname -m = x86_64
uname -r = 5.15.0-53-generic
uname -s = Linux
uname -v = #59-Ubuntu SMP Mon Oct 17 18:53:30 UTC 2022

/usr/bin/uname -p = x86_64
/bin/uname -X     = unknown

/bin/arch              = x86_64
/usr/bin/arch -k       = unknown
/usr/convex/getsysinfo = unknown
/usr/bin/hostinfo      = unknown
/bin/machine           = unknown
/usr/bin/oslevel       = unknown
/bin/universe          = unknown

PATH: /usr/local/cuda-11.8/bin/
PATH: /home/jaskooner/anaconda3/condabin/
PATH: /home/jaskooner/.cargo/bin/
PATH: /usr/local/sbin/
PATH: /usr/local/bin/
PATH: /usr/sbin/
PATH: /usr/bin/
PATH: /sbin/
PATH: /bin/
PATH: /usr/games/
PATH: /usr/local/games/
PATH: /snap/bin/
PATH: /snap/bin/
PATH: /home/jaskooner/.dotnet/tools/
PATH: /home/jaskooner/.dotnet/
PATH: /home/jaskooner/.dotnet/tools/


## ----------- ##
## Core tests. ##
## ----------- ##

configure:2797: looking for aux files: config.guess config.sub compile missing install-sh
configure:2810:  trying ./config/
configure:2839:   ./config/config.guess found
configure:2839:   ./config/config.sub found
configure:2839:   ./config/compile found
configure:2839:   ./config/missing found
configure:2821:   ./config/install-sh found
configure:2969: checking for a BSD-compatible install
configure:3042: result: /usr/bin/install -c
configure:3053: checking whether build environment is sane
configure:3108: result: yes
configure:3267: checking for a race-free mkdir -p
configure:3311: result: /usr/bin/mkdir -p
configure:3318: checking for gawk
configure:3353: result: no
configure:3318: checking for mawk
configure:3339: found /usr/bin/mawk
configure:3350: result: mawk
configure:3361: checking whether make sets $(MAKE)
configure:3384: result: yes
configure:3414: checking whether make supports nested variables
configure:3432: result: yes
configure:3642: checking for g++
configure:3663: found /usr/bin/g++
configure:3674: result: g++
configure:3701: checking for C++ compiler version
configure:3710: g++ --version >&5
g++ (Ubuntu 11.3.0-1ubuntu1~22.04) 11.3.0
Copyright (C) 2021 Free Software Foundation, Inc.
This is free software; see the source for copying conditions.  There is NO
warranty; not even for MERCHANTABILITY or FITNESS FOR A PARTICULAR PURPOSE.

configure:3721: $? = 0
configure:3710: g++ -v >&5
Using built-in specs.
COLLECT_GCC=g++
COLLECT_LTO_WRAPPER=/usr/lib/gcc/x86_64-linux-gnu/11/lto-wrapper
OFFLOAD_TARGET_NAMES=nvptx-none:amdgcn-amdhsa
OFFLOAD_TARGET_DEFAULT=1
Target: x86_64-linux-gnu
Configured with: ../src/configure -v --with-pkgversion='Ubuntu 11.3.0-1ubuntu1~22.04' --with-bugurl=file:///usr/share/doc/gcc-11/README.Bugs --enable-languages=c,ada,c++,go,brig,d,fortran,objc,obj-c++,m2 --prefix=/usr --with-gcc-major-version-only --program-suffix=-11 --program-prefix=x86_64-linux-gnu- --enable-shared --enable-linker-build-id --libexecdir=/usr/lib --without-included-gettext --enable-threads=posix --libdir=/usr/lib --enable-nls --enable-bootstrap --enable-clocale=gnu --enable-libstdcxx-debug --enable-libstdcxx-time=yes --with-default-libstdcxx-abi=new --enable-gnu-unique-object --disable-vtable-verify --enable-plugin --enable-default-pie --with-system-zlib --enable-libphobos-checking=release --with-target-system-zlib=auto --enable-objc-gc=auto --enable-multiarch --disable-werror --enable-cet --with-arch-32=i686 --with-abi=m64 --with-multilib-list=m32,m64,mx32 --enable-multilib --with-tune=generic --enable-offload-targets=nvptx-none=/build/gcc-11-xKiWfi/gcc-11-11.3.0/debian/tmp-nvptx/usr,amdgcn-amdhsa=/build/gcc-11-xKiWfi/gcc-11-11.3.0/debian/tmp-gcn/usr --without-cuda-driver --enable-checking=release --build=x86_64-linux-gnu --host=x86_64-linux-gnu --target=x86_64-linux-gnu --with-build-config=bootstrap-lto-lean --enable-link-serialization=2
Thread model: posix
Supported LTO compression algorithms: zlib zstd
gcc version 11.3.0 (Ubuntu 11.3.0-1ubuntu1~22.04) 
... rest of stderr output deleted ...
configure:3721: $? = 0
configure:3710: g++ -V >&5
g++: error: unrecognized command-line option '-V'
g++: fatal error: no input files
compilation terminated.
configure:3721: $? = 1
configure:3710: g++ -qversion >&5
g++: error: unrecognized command-line option '-qversion'; did you mean '--version'?
g++: fatal error: no input files
compilation terminated.
configure:3721: $? = 1
configure:3741: checking whether the C++ compiler works
configure:3763: g++    conftest.cpp  >&5
configure:3767: $? = 0
configure:3817: result: yes
configure:3820: checking for C++ compiler default output file name
configure:3822: result: a.out
configure:3828: checking for suffix of executables
configure:3835: g++ -o conftest    conftest.cpp  >&5
configure:3839: $? = 0
configure:3862: result: 
configure:3884: checking whether we are cross compiling
configure:3892: g++ -o conftest    conftest.cpp  >&5
configure:3896: $? = 0
configure:3903: ./conftest
configure:3907: $? = 0
configure:3922: result: no
configure:3927: checking for suffix of object files
configure:3950: g++ -c   conftest.cpp >&5
configure:3954: $? = 0
configure:3976: result: o
configure:3980: checking whether the compiler supports GNU C++
configure:4000: g++ -c   conftest.cpp >&5
configure:4000: $? = 0
configure:4010: result: yes
configure:4021: checking whether g++ accepts -g
configure:4042: g++ -c -g  conftest.cpp >&5
configure:4042: $? = 0
configure:4086: result: yes
configure:4106: checking for g++ option to enable C++11 features
configure:4121: g++  -c -g -O2  conftest.cpp >&5
conftest.cpp: In function 'int main(int, char**)':
conftest.cpp:177:25: warning: empty parentheses were disambiguated as a function declaration [-Wvexing-parse]
  177 |   cxx11test::delegate d2();
      |                         ^~
conftest.cpp:177:25: note: remove parentheses to default-initialize a variable
  177 |   cxx11test::delegate d2();
      |                         ^~
      |                         --
conftest.cpp:177:25: note: or replace parentheses with braces to value-initialize a variable
configure:4121: $? = 0
configure:4139: result: none needed
configure:4206: checking whether make supports the include directive
configure:4221: make -f confmf.GNU && cat confinc.out
make[2]: Entering directory '/home/jaskooner/src/tanidvr-code-r34'
make[2]: Leaving directory '/home/jaskooner/src/tanidvr-code-r34'
this is the am__doit target
configure:4224: $? = 0
configure:4243: result: yes (GNU style)
configure:4269: checking dependency style of g++
configure:4381: result: gcc3
configure:4458: checking for gcc
configure:4479: found /usr/bin/gcc
configure:4490: result: gcc
configure:4843: checking for C compiler version
configure:4852: gcc --version >&5
gcc (Ubuntu 11.3.0-1ubuntu1~22.04) 11.3.0
Copyright (C) 2021 Free Software Foundation, Inc.
This is free software; see the source for copying conditions.  There is NO
warranty; not even for MERCHANTABILITY or FITNESS FOR A PARTICULAR PURPOSE.

configure:4863: $? = 0
configure:4852: gcc -v >&5
Using built-in specs.
COLLECT_GCC=gcc
COLLECT_LTO_WRAPPER=/usr/lib/gcc/x86_64-linux-gnu/11/lto-wrapper
OFFLOAD_TARGET_NAMES=nvptx-none:amdgcn-amdhsa
OFFLOAD_TARGET_DEFAULT=1
Target: x86_64-linux-gnu
Configured with: ../src/configure -v --with-pkgversion='Ubuntu 11.3.0-1ubuntu1~22.04' --with-bugurl=file:///usr/share/doc/gcc-11/README.Bugs --enable-languages=c,ada,c++,go,brig,d,fortran,objc,obj-c++,m2 --prefix=/usr --with-gcc-major-version-only --program-suffix=-11 --program-prefix=x86_64-linux-gnu- --enable-shared --enable-linker-build-id --libexecdir=/usr/lib --without-included-gettext --enable-threads=posix --libdir=/usr/lib --enable-nls --enable-bootstrap --enable-clocale=gnu --enable-libstdcxx-debug --enable-libstdcxx-time=yes --with-default-libstdcxx-abi=new --enable-gnu-unique-object --disable-vtable-verify --enable-plugin --enable-default-pie --with-system-zlib --enable-libphobos-checking=release --with-target-system-zlib=auto --enable-objc-gc=auto --enable-multiarch --disable-werror --enable-cet --with-arch-32=i686 --with-abi=m64 --with-multilib-list=m32,m64,mx32 --enable-multilib --with-tune=generic --enable-offload-targets=nvptx-none=/build/gcc-11-xKiWfi/gcc-11-11.3.0/debian/tmp-nvptx/usr,amdgcn-amdhsa=/build/gcc-11-xKiWfi/gcc-11-11.3.0/debian/tmp-gcn/usr --without-cuda-driver --enable-checking=release --build=x86_64-linux-gnu --host=x86_64-linux-gnu --target=x86_64-linux-gnu --with-build-config=bootstrap-lto-lean --enable-link-serialization=2
Thread model: posix
Supported LTO compression algorithms: zlib zstd
gcc version 11.3.0 (Ubuntu 11.3.0-1ubuntu1~22.04) 
... rest of stderr output deleted ...
configure:4863: $? = 0
configure:4852: gcc -V >&5
gcc: error: unrecognized command-line option '-V'
gcc: fatal error: no input files
compilation terminated.
configure:4863: $? = 1
configure:4852: gcc -qversion >&5
gcc: error: unrecognized command-line option '-qversion'; did you mean '--version'?
gcc: fatal error: no input files
compilation terminated.
configure:4863: $? = 1
configure:4852: gcc -version >&5
gcc: error: unrecognized command-line option '-version'
gcc: fatal error: no input files
compilation terminated.
configure:4863: $? = 1
configure:4867: checking whether the compiler supports GNU C
configure:4887: gcc -c   conftest.c >&5
configure:4887: $? = 0
configure:4897: result: yes
configure:4908: checking whether gcc accepts -g
configure:4929: gcc -c -g  conftest.c >&5
configure:4929: $? = 0
configure:4973: result: yes
configure:4993: checking for gcc option to enable C11 features
configure:5008: gcc  -c -g -O2  conftest.c >&5
configure:5008: $? = 0
configure:5026: result: none needed
configure:5142: checking whether gcc understands -c and -o together
configure:5165: gcc -c conftest.c -o conftest2.o
configure:5168: $? = 0
configure:5165: gcc -c conftest.c -o conftest2.o
configure:5168: $? = 0
configure:5180: result: yes
configure:5199: checking dependency style of gcc
configure:5311: result: gcc3
configure:5335: checking for stdio.h
configure:5335: gcc -c -g -O2  conftest.c >&5
configure:5335: $? = 0
configure:5335: result: yes
configure:5335: checking for stdlib.h
configure:5335: gcc -c -g -O2  conftest.c >&5
configure:5335: $? = 0
configure:5335: result: yes
configure:5335: checking for string.h
configure:5335: gcc -c -g -O2  conftest.c >&5
configure:5335: $? = 0
configure:5335: result: yes
configure:5335: checking for inttypes.h
configure:5335: gcc -c -g -O2  conftest.c >&5
configure:5335: $? = 0
configure:5335: result: yes
configure:5335: checking for stdint.h
configure:5335: gcc -c -g -O2  conftest.c >&5
configure:5335: $? = 0
configure:5335: result: yes
configure:5335: checking for strings.h
configure:5335: gcc -c -g -O2  conftest.c >&5
configure:5335: $? = 0
configure:5335: result: yes
configure:5335: checking for sys/stat.h
configure:5335: gcc -c -g -O2  conftest.c >&5
configure:5335: $? = 0
configure:5335: result: yes
configure:5335: checking for sys/types.h
configure:5335: gcc -c -g -O2  conftest.c >&5
configure:5335: $? = 0
configure:5335: result: yes
configure:5335: checking for unistd.h
configure:5335: gcc -c -g -O2  conftest.c >&5
configure:5335: $? = 0
configure:5335: result: yes
configure:5335: checking for vfork.h
configure:5335: gcc -c -g -O2  conftest.c >&5
conftest.c:48:10: fatal error: vfork.h: No such file or directory
   48 | #include <vfork.h>
      |          ^~~~~~~~~
compilation terminated.
configure:5335: $? = 1
configure: failed program was:
| /* confdefs.h */
| #define PACKAGE_NAME "tanidvr"
| #define PACKAGE_TARNAME "tanidvr"
| #define PACKAGE_VERSION "1.4.1"
| #define PACKAGE_STRING "tanidvr 1.4.1"
| #define PACKAGE_BUGREPORT ""
| #define PACKAGE_URL ""
| #define PACKAGE "tanidvr"
| #define VERSION "1.4.1"
| #define HAVE_STDIO_H 1
| #define HAVE_STDLIB_H 1
| #define HAVE_STRING_H 1
| #define HAVE_INTTYPES_H 1
| #define HAVE_STDINT_H 1
| #define HAVE_STRINGS_H 1
| #define HAVE_SYS_STAT_H 1
| #define HAVE_SYS_TYPES_H 1
| #define HAVE_UNISTD_H 1
| /* end confdefs.h.  */
| #include <stddef.h>
| #ifdef HAVE_STDIO_H
| # include <stdio.h>
| #endif
| #ifdef HAVE_STDLIB_H
| # include <stdlib.h>
| #endif
| #ifdef HAVE_STRING_H
| # include <string.h>
| #endif
| #ifdef HAVE_INTTYPES_H
| # include <inttypes.h>
| #endif
| #ifdef HAVE_STDINT_H
| # include <stdint.h>
| #endif
| #ifdef HAVE_STRINGS_H
| # include <strings.h>
| #endif
| #ifdef HAVE_SYS_TYPES_H
| # include <sys/types.h>
| #endif
| #ifdef HAVE_SYS_STAT_H
| # include <sys/stat.h>
| #endif
| #ifdef HAVE_UNISTD_H
| # include <unistd.h>
| #endif
| #include <vfork.h>
configure:5335: result: no
configure:5363: checking for fcntl.h
configure:5363: gcc -c -g -O2  conftest.c >&5
configure:5363: $? = 0
configure:5363: result: yes
configure:5363: checking for inttypes.h
configure:5363: result: yes
configure:5363: checking for limits.h
configure:5363: gcc -c -g -O2  conftest.c >&5
configure:5363: $? = 0
configure:5363: result: yes
configure:5363: checking for netdb.h
configure:5363: gcc -c -g -O2  conftest.c >&5
configure:5363: $? = 0
configure:5363: result: yes
configure:5363: checking for netinet/in.h
configure:5363: gcc -c -g -O2  conftest.c >&5
configure:5363: $? = 0
configure:5363: result: yes
configure:5363: checking for stddef.h
configure:5363: gcc -c -g -O2  conftest.c >&5
configure:5363: $? = 0
configure:5363: result: yes
configure:5363: checking for stdint.h
configure:5363: result: yes
configure:5363: checking for stdlib.h
configure:5363: result: yes
configure:5363: checking for string.h
configure:5363: result: yes
configure:5363: checking for strings.h
configure:5363: result: yes
configure:5363: checking for sys/socket.h
configure:5363: gcc -c -g -O2  conftest.c >&5
configure:5363: $? = 0
configure:5363: result: yes
configure:5363: checking for sys/time.h
configure:5363: gcc -c -g -O2  conftest.c >&5
configure:5363: $? = 0
configure:5363: result: yes
configure:5363: checking for unistd.h
configure:5363: result: yes
configure:5380: checking for _Bool
configure:5380: gcc -c -g -O2  conftest.c >&5
configure:5380: $? = 0
configure:5380: gcc -c -g -O2  conftest.c >&5
conftest.c: In function 'main':
conftest.c:65:20: error: expected expression before ')' token
   65 | if (sizeof ((_Bool)))
      |                    ^
configure:5380: $? = 1
configure: failed program was:
| /* confdefs.h */
| #define PACKAGE_NAME "tanidvr"
| #define PACKAGE_TARNAME "tanidvr"
| #define PACKAGE_VERSION "1.4.1"
| #define PACKAGE_STRING "tanidvr 1.4.1"
| #define PACKAGE_BUGREPORT ""
| #define PACKAGE_URL ""
| #define PACKAGE "tanidvr"
| #define VERSION "1.4.1"
| #define HAVE_STDIO_H 1
| #define HAVE_STDLIB_H 1
| #define HAVE_STRING_H 1
| #define HAVE_INTTYPES_H 1
| #define HAVE_STDINT_H 1
| #define HAVE_STRINGS_H 1
| #define HAVE_SYS_STAT_H 1
| #define HAVE_SYS_TYPES_H 1
| #define HAVE_UNISTD_H 1
| #define STDC_HEADERS 1
| #define HAVE_FCNTL_H 1
| #define HAVE_INTTYPES_H 1
| #define HAVE_LIMITS_H 1
| #define HAVE_NETDB_H 1
| #define HAVE_NETINET_IN_H 1
| #define HAVE_STDDEF_H 1
| #define HAVE_STDINT_H 1
| #define HAVE_STDLIB_H 1
| #define HAVE_STRING_H 1
| #define HAVE_STRINGS_H 1
| #define HAVE_SYS_SOCKET_H 1
| #define HAVE_SYS_TIME_H 1
| #define HAVE_UNISTD_H 1
| /* end confdefs.h.  */
| #include <stddef.h>
| #ifdef HAVE_STDIO_H
| # include <stdio.h>
| #endif
| #ifdef HAVE_STDLIB_H
| # include <stdlib.h>
| #endif
| #ifdef HAVE_STRING_H
| # include <string.h>
| #endif
| #ifdef HAVE_INTTYPES_H
| # include <inttypes.h>
| #endif
| #ifdef HAVE_STDINT_H
| # include <stdint.h>
| #endif
| #ifdef HAVE_STRINGS_H
| # include <strings.h>
| #endif
| #ifdef HAVE_SYS_TYPES_H
| # include <sys/types.h>
| #endif
| #ifdef HAVE_SYS_STAT_H
| # include <sys/stat.h>
| #endif
| #ifdef HAVE_UNISTD_H
| # include <unistd.h>
| #endif
| int
| main (void)
| {
| if (sizeof ((_Bool)))
| 	    return 0;
|   ;
|   return 0;
| }
configure:5380: result: yes
configure:5389: checking for stdbool.h that conforms to C99
configure:5505: gcc -c -g -O2  conftest.c >&5
configure:5505: $? = 0
configure:5513: result: yes
configure:5522: checking for int64_t
configure:5522: gcc -c -g -O2  conftest.c >&5
configure:5522: $? = 0
configure:5522: gcc -c -g -O2  conftest.c >&5
conftest.c: In function 'main':
conftest.c:69:67: warning: integer overflow in expression of type 'long int' results in '-9223372036854775808' [-Woverflow]
   69 |                  < (int64_t) (((((int64_t) 1 << N) << N) - 1) * 2 + 2))];
      |                                                                   ^
conftest.c:68:12: error: storage size of 'test_array' isn't constant
   68 | static int test_array [1 - 2 * !((int64_t) (((((int64_t) 1 << N) << N) - 1) * 2 + 1)
      |            ^~~~~~~~~~
configure:5522: $? = 1
configure: failed program was:
| /* confdefs.h */
| #define PACKAGE_NAME "tanidvr"
| #define PACKAGE_TARNAME "tanidvr"
| #define PACKAGE_VERSION "1.4.1"
| #define PACKAGE_STRING "tanidvr 1.4.1"
| #define PACKAGE_BUGREPORT ""
| #define PACKAGE_URL ""
| #define PACKAGE "tanidvr"
| #define VERSION "1.4.1"
| #define HAVE_STDIO_H 1
| #define HAVE_STDLIB_H 1
| #define HAVE_STRING_H 1
| #define HAVE_INTTYPES_H 1
| #define HAVE_STDINT_H 1
| #define HAVE_STRINGS_H 1
| #define HAVE_SYS_STAT_H 1
| #define HAVE_SYS_TYPES_H 1
| #define HAVE_UNISTD_H 1
| #define STDC_HEADERS 1
| #define HAVE_FCNTL_H 1
| #define HAVE_INTTYPES_H 1
| #define HAVE_LIMITS_H 1
| #define HAVE_NETDB_H 1
| #define HAVE_NETINET_IN_H 1
| #define HAVE_STDDEF_H 1
| #define HAVE_STDINT_H 1
| #define HAVE_STDLIB_H 1
| #define HAVE_STRING_H 1
| #define HAVE_STRINGS_H 1
| #define HAVE_SYS_SOCKET_H 1
| #define HAVE_SYS_TIME_H 1
| #define HAVE_UNISTD_H 1
| #define HAVE__BOOL 1
| #define HAVE_STDBOOL_H 1
| /* end confdefs.h.  */
| #include <stddef.h>
| #ifdef HAVE_STDIO_H
| # include <stdio.h>
| #endif
| #ifdef HAVE_STDLIB_H
| # include <stdlib.h>
| #endif
| #ifdef HAVE_STRING_H
| # include <string.h>
| #endif
| #ifdef HAVE_INTTYPES_H
| # include <inttypes.h>
| #endif
| #ifdef HAVE_STDINT_H
| # include <stdint.h>
| #endif
| #ifdef HAVE_STRINGS_H
| # include <strings.h>
| #endif
| #ifdef HAVE_SYS_TYPES_H
| # include <sys/types.h>
| #endif
| #ifdef HAVE_SYS_STAT_H
| # include <sys/stat.h>
| #endif
| #ifdef HAVE_UNISTD_H
| # include <unistd.h>
| #endif
| 	        enum { N = 64 / 2 - 1 };
| int
| main (void)
| {
| static int test_array [1 - 2 * !((int64_t) (((((int64_t) 1 << N) << N) - 1) * 2 + 1)
| 		 < (int64_t) (((((int64_t) 1 << N) << N) - 1) * 2 + 2))];
| test_array [0] = 0;
| return test_array [0];
| 
|   ;
|   return 0;
| }
configure:5522: result: yes
configure:5532: checking for pid_t
configure:5532: gcc -c -g -O2  conftest.c >&5
configure:5532: $? = 0
configure:5532: gcc -c -g -O2  conftest.c >&5
conftest.c: In function 'main':
conftest.c:68:20: error: expected expression before ')' token
   68 | if (sizeof ((pid_t)))
      |                    ^
configure:5532: $? = 1
configure: failed program was:
| /* confdefs.h */
| #define PACKAGE_NAME "tanidvr"
| #define PACKAGE_TARNAME "tanidvr"
| #define PACKAGE_VERSION "1.4.1"
| #define PACKAGE_STRING "tanidvr 1.4.1"
| #define PACKAGE_BUGREPORT ""
| #define PACKAGE_URL ""
| #define PACKAGE "tanidvr"
| #define VERSION "1.4.1"
| #define HAVE_STDIO_H 1
| #define HAVE_STDLIB_H 1
| #define HAVE_STRING_H 1
| #define HAVE_INTTYPES_H 1
| #define HAVE_STDINT_H 1
| #define HAVE_STRINGS_H 1
| #define HAVE_SYS_STAT_H 1
| #define HAVE_SYS_TYPES_H 1
| #define HAVE_UNISTD_H 1
| #define STDC_HEADERS 1
| #define HAVE_FCNTL_H 1
| #define HAVE_INTTYPES_H 1
| #define HAVE_LIMITS_H 1
| #define HAVE_NETDB_H 1
| #define HAVE_NETINET_IN_H 1
| #define HAVE_STDDEF_H 1
| #define HAVE_STDINT_H 1
| #define HAVE_STDLIB_H 1
| #define HAVE_STRING_H 1
| #define HAVE_STRINGS_H 1
| #define HAVE_SYS_SOCKET_H 1
| #define HAVE_SYS_TIME_H 1
| #define HAVE_UNISTD_H 1
| #define HAVE__BOOL 1
| #define HAVE_STDBOOL_H 1
| /* end confdefs.h.  */
| #include <stddef.h>
| #ifdef HAVE_STDIO_H
| # include <stdio.h>
| #endif
| #ifdef HAVE_STDLIB_H
| # include <stdlib.h>
| #endif
| #ifdef HAVE_STRING_H
| # include <string.h>
| #endif
| #ifdef HAVE_INTTYPES_H
| # include <inttypes.h>
| #endif
| #ifdef HAVE_STDINT_H
| # include <stdint.h>
| #endif
| #ifdef HAVE_STRINGS_H
| # include <strings.h>
| #endif
| #ifdef HAVE_SYS_TYPES_H
| # include <sys/types.h>
| #endif
| #ifdef HAVE_SYS_STAT_H
| # include <sys/stat.h>
| #endif
| #ifdef HAVE_UNISTD_H
| # include <unistd.h>
| #endif
| 
| int
| main (void)
| {
| if (sizeof ((pid_t)))
| 	    return 0;
|   ;
|   return 0;
| }
configure:5532: result: yes
configure:5568: checking for size_t
configure:5568: gcc -c -g -O2  conftest.c >&5
configure:5568: $? = 0
configure:5568: gcc -c -g -O2  conftest.c >&5
conftest.c: In function 'main':
conftest.c:67:21: error: expected expression before ')' token
   67 | if (sizeof ((size_t)))
      |                     ^
configure:5568: $? = 1
configure: failed program was:
| /* confdefs.h */
| #define PACKAGE_NAME "tanidvr"
| #define PACKAGE_TARNAME "tanidvr"
| #define PACKAGE_VERSION "1.4.1"
| #define PACKAGE_STRING "tanidvr 1.4.1"
| #define PACKAGE_BUGREPORT ""
| #define PACKAGE_URL ""
| #define PACKAGE "tanidvr"
| #define VERSION "1.4.1"
| #define HAVE_STDIO_H 1
| #define HAVE_STDLIB_H 1
| #define HAVE_STRING_H 1
| #define HAVE_INTTYPES_H 1
| #define HAVE_STDINT_H 1
| #define HAVE_STRINGS_H 1
| #define HAVE_SYS_STAT_H 1
| #define HAVE_SYS_TYPES_H 1
| #define HAVE_UNISTD_H 1
| #define STDC_HEADERS 1
| #define HAVE_FCNTL_H 1
| #define HAVE_INTTYPES_H 1
| #define HAVE_LIMITS_H 1
| #define HAVE_NETDB_H 1
| #define HAVE_NETINET_IN_H 1
| #define HAVE_STDDEF_H 1
| #define HAVE_STDINT_H 1
| #define HAVE_STDLIB_H 1
| #define HAVE_STRING_H 1
| #define HAVE_STRINGS_H 1
| #define HAVE_SYS_SOCKET_H 1
| #define HAVE_SYS_TIME_H 1
| #define HAVE_UNISTD_H 1
| #define HAVE__BOOL 1
| #define HAVE_STDBOOL_H 1
| /* end confdefs.h.  */
| #include <stddef.h>
| #ifdef HAVE_STDIO_H
| # include <stdio.h>
| #endif
| #ifdef HAVE_STDLIB_H
| # include <stdlib.h>
| #endif
| #ifdef HAVE_STRING_H
| # include <string.h>
| #endif
| #ifdef HAVE_INTTYPES_H
| # include <inttypes.h>
| #endif
| #ifdef HAVE_STDINT_H
| # include <stdint.h>
| #endif
| #ifdef HAVE_STRINGS_H
| # include <strings.h>
| #endif
| #ifdef HAVE_SYS_TYPES_H
| # include <sys/types.h>
| #endif
| #ifdef HAVE_SYS_STAT_H
| # include <sys/stat.h>
| #endif
| #ifdef HAVE_UNISTD_H
| # include <unistd.h>
| #endif
| int
| main (void)
| {
| if (sizeof ((size_t)))
| 	    return 0;
|   ;
|   return 0;
| }
configure:5568: result: yes
configure:5578: checking for ssize_t
configure:5578: gcc -c -g -O2  conftest.c >&5
configure:5578: $? = 0
configure:5578: gcc -c -g -O2  conftest.c >&5
conftest.c: In function 'main':
conftest.c:67:22: error: expected expression before ')' token
   67 | if (sizeof ((ssize_t)))
      |                      ^
configure:5578: $? = 1
configure: failed program was:
| /* confdefs.h */
| #define PACKAGE_NAME "tanidvr"
| #define PACKAGE_TARNAME "tanidvr"
| #define PACKAGE_VERSION "1.4.1"
| #define PACKAGE_STRING "tanidvr 1.4.1"
| #define PACKAGE_BUGREPORT ""
| #define PACKAGE_URL ""
| #define PACKAGE "tanidvr"
| #define VERSION "1.4.1"
| #define HAVE_STDIO_H 1
| #define HAVE_STDLIB_H 1
| #define HAVE_STRING_H 1
| #define HAVE_INTTYPES_H 1
| #define HAVE_STDINT_H 1
| #define HAVE_STRINGS_H 1
| #define HAVE_SYS_STAT_H 1
| #define HAVE_SYS_TYPES_H 1
| #define HAVE_UNISTD_H 1
| #define STDC_HEADERS 1
| #define HAVE_FCNTL_H 1
| #define HAVE_INTTYPES_H 1
| #define HAVE_LIMITS_H 1
| #define HAVE_NETDB_H 1
| #define HAVE_NETINET_IN_H 1
| #define HAVE_STDDEF_H 1
| #define HAVE_STDINT_H 1
| #define HAVE_STDLIB_H 1
| #define HAVE_STRING_H 1
| #define HAVE_STRINGS_H 1
| #define HAVE_SYS_SOCKET_H 1
| #define HAVE_SYS_TIME_H 1
| #define HAVE_UNISTD_H 1
| #define HAVE__BOOL 1
| #define HAVE_STDBOOL_H 1
| /* end confdefs.h.  */
| #include <stddef.h>
| #ifdef HAVE_STDIO_H
| # include <stdio.h>
| #endif
| #ifdef HAVE_STDLIB_H
| # include <stdlib.h>
| #endif
| #ifdef HAVE_STRING_H
| # include <string.h>
| #endif
| #ifdef HAVE_INTTYPES_H
| # include <inttypes.h>
| #endif
| #ifdef HAVE_STDINT_H
| # include <stdint.h>
| #endif
| #ifdef HAVE_STRINGS_H
| # include <strings.h>
| #endif
| #ifdef HAVE_SYS_TYPES_H
| # include <sys/types.h>
| #endif
| #ifdef HAVE_SYS_STAT_H
| # include <sys/stat.h>
| #endif
| #ifdef HAVE_UNISTD_H
| # include <unistd.h>
| #endif
| int
| main (void)
| {
| if (sizeof ((ssize_t)))
| 	    return 0;
|   ;
|   return 0;
| }
configure:5578: result: yes
configure:5588: checking for uint16_t
configure:5588: gcc -c -g -O2  conftest.c >&5
configure:5588: $? = 0
configure:5588: result: yes
configure:5598: checking for uint32_t
configure:5598: gcc -c -g -O2  conftest.c >&5
configure:5598: $? = 0
configure:5598: result: yes
configure:5610: checking for uint64_t
configure:5610: gcc -c -g -O2  conftest.c >&5
configure:5610: $? = 0
configure:5610: result: yes
configure:5622: checking for uint8_t
configure:5622: gcc -c -g -O2  conftest.c >&5
configure:5622: $? = 0
configure:5622: result: yes
configure:5641: checking for fork
configure:5641: gcc -o conftest -g -O2   conftest.c  >&5
conftest.c:52:6: warning: conflicting types for built-in function 'fork'; expected 'int(void)' [-Wbuiltin-declaration-mismatch]
   52 | char fork ();
      |      ^~~~
configure:5641: $? = 0
configure:5641: result: yes
configure:5641: checking for vfork
configure:5641: gcc -o conftest -g -O2   conftest.c  >&5
configure:5641: $? = 0
configure:5641: result: yes
configure:5654: checking for working fork
configure:5678: gcc -o conftest -g -O2   conftest.c  >&5
configure:5678: $? = 0
configure:5678: ./conftest
configure:5678: $? = 0
configure:5689: result: yes
configure:5710: checking for working vfork
configure:5839: result: yes
configure:5870: checking build system type
configure:5885: result: x86_64-pc-linux-gnu
configure:5905: checking host system type
configure:5919: result: x86_64-pc-linux-gnu
configure:5939: checking for GNU libc compatible malloc
configure:5971: gcc -o conftest -g -O2   conftest.c  >&5
configure:5971: $? = 0
configure:5971: ./conftest
configure:5971: $? = 0
configure:5982: result: yes
configure:6008: checking for bzero
configure:6008: gcc -o conftest -g -O2   conftest.c  >&5
conftest.c:57:6: warning: conflicting types for built-in function 'bzero'; expected 'void(void *, long unsigned int)' [-Wbuiltin-declaration-mismatch]
   57 | char bzero ();
      |      ^~~~~
configure:6008: $? = 0
configure:6008: result: yes
configure:6008: checking for gethostbyname
configure:6008: gcc -o conftest -g -O2   conftest.c  >&5
configure:6008: $? = 0
configure:6008: result: yes
configure:6008: checking for gettimeofday
configure:6008: gcc -o conftest -g -O2   conftest.c  >&5
configure:6008: $? = 0
configure:6008: result: yes
configure:6008: checking for memmove
configure:6008: gcc -o conftest -g -O2   conftest.c  >&5
conftest.c:60:6: warning: conflicting types for built-in function 'memmove'; expected 'void *(void *, const void *, long unsigned int)' [-Wbuiltin-declaration-mismatch]
   60 | char memmove ();
      |      ^~~~~~~
conftest.c:52:1: note: 'memmove' is declared in header '<string.h>'
   51 | #include <limits.h>
   52 | #undef memmove
configure:6008: $? = 0
configure:6008: result: yes
configure:6008: checking for memset
configure:6008: gcc -o conftest -g -O2   conftest.c  >&5
conftest.c:61:6: warning: conflicting types for built-in function 'memset'; expected 'void *(void *, int,  long unsigned int)' [-Wbuiltin-declaration-mismatch]
   61 | char memset ();
      |      ^~~~~~
conftest.c:53:1: note: 'memset' is declared in header '<string.h>'
   52 | #include <limits.h>
   53 | #undef memset
configure:6008: $? = 0
configure:6008: result: yes
configure:6008: checking for socket
configure:6008: gcc -o conftest -g -O2   conftest.c  >&5
configure:6008: $? = 0
configure:6008: result: yes
configure:6126: checking that generated files are newer than configure
configure:6132: result: done
configure:6159: creating ./config.status

## ---------------- ##
## Cache variables. ##
## ---------------- ##

ac_cv_build=x86_64-pc-linux-gnu
ac_cv_c_compiler_gnu=yes
ac_cv_c_int64_t=yes
ac_cv_c_uint16_t=yes
ac_cv_c_uint32_t=yes
ac_cv_c_uint64_t=yes
ac_cv_c_uint8_t=yes
ac_cv_cxx_compiler_gnu=yes
ac_cv_env_CCC_set=
ac_cv_env_CCC_value=
ac_cv_env_CC_set=
ac_cv_env_CC_value=
ac_cv_env_CFLAGS_set=
ac_cv_env_CFLAGS_value=
ac_cv_env_CPPFLAGS_set=
ac_cv_env_CPPFLAGS_value=
ac_cv_env_CXXFLAGS_set=
ac_cv_env_CXXFLAGS_value=
ac_cv_env_CXX_set=
ac_cv_env_CXX_value=
ac_cv_env_LDFLAGS_set=
ac_cv_env_LDFLAGS_value=
ac_cv_env_LIBS_set=
ac_cv_env_LIBS_value=
ac_cv_env_build_alias_set=
ac_cv_env_build_alias_value=
ac_cv_env_host_alias_set=
ac_cv_env_host_alias_value=
ac_cv_env_target_alias_set=
ac_cv_env_target_alias_value=
ac_cv_func_bzero=yes
ac_cv_func_fork=yes
ac_cv_func_fork_works=yes
ac_cv_func_gethostbyname=yes
ac_cv_func_gettimeofday=yes
ac_cv_func_malloc_0_nonnull=yes
ac_cv_func_memmove=yes
ac_cv_func_memset=yes
ac_cv_func_socket=yes
ac_cv_func_vfork=yes
ac_cv_func_vfork_works=yes
ac_cv_header_fcntl_h=yes
ac_cv_header_inttypes_h=yes
ac_cv_header_limits_h=yes
ac_cv_header_netdb_h=yes
ac_cv_header_netinet_in_h=yes
ac_cv_header_stdbool_h=yes
ac_cv_header_stddef_h=yes
ac_cv_header_stdint_h=yes
ac_cv_header_stdio_h=yes
ac_cv_header_stdlib_h=yes
ac_cv_header_string_h=yes
ac_cv_header_strings_h=yes
ac_cv_header_sys_socket_h=yes
ac_cv_header_sys_stat_h=yes
ac_cv_header_sys_time_h=yes
ac_cv_header_sys_types_h=yes
ac_cv_header_unistd_h=yes
ac_cv_header_vfork_h=no
ac_cv_host=x86_64-pc-linux-gnu
ac_cv_objext=o
ac_cv_path_install='/usr/bin/install -c'
ac_cv_path_mkdir=/usr/bin/mkdir
ac_cv_prog_AWK=mawk
ac_cv_prog_ac_ct_CC=gcc
ac_cv_prog_ac_ct_CXX=g++
ac_cv_prog_cc_c11=
ac_cv_prog_cc_g=yes
ac_cv_prog_cc_stdc=
ac_cv_prog_cxx_11=no
ac_cv_prog_cxx_cxx11=
ac_cv_prog_cxx_g=yes
ac_cv_prog_cxx_stdcxx=
ac_cv_prog_make_make_set=yes
ac_cv_type__Bool=yes
ac_cv_type_pid_t=yes
ac_cv_type_size_t=yes
ac_cv_type_ssize_t=yes
am_cv_CC_dependencies_compiler_type=gcc3
am_cv_CXX_dependencies_compiler_type=gcc3
am_cv_make_support_nested_variables=yes
am_cv_prog_cc_c_o=yes

## ----------------- ##
## Output variables. ##
## ----------------- ##

ACLOCAL='${SHELL} '\''/home/jaskooner/src/tanidvr-code-r34/config/missing'\'' aclocal-1.16'
AMDEPBACKSLASH='\'
AMDEP_FALSE='#'
AMDEP_TRUE=''
AMTAR='$${TAR-tar}'
AM_BACKSLASH='\'
AM_DEFAULT_V='$(AM_DEFAULT_VERBOSITY)'
AM_DEFAULT_VERBOSITY='1'
AM_V='$(V)'
AUTOCONF='${SHELL} '\''/home/jaskooner/src/tanidvr-code-r34/config/missing'\'' autoconf'
AUTOHEADER='${SHELL} '\''/home/jaskooner/src/tanidvr-code-r34/config/missing'\'' autoheader'
AUTOMAKE='${SHELL} '\''/home/jaskooner/src/tanidvr-code-r34/config/missing'\'' automake-1.16'
AWK='mawk'
CC='gcc'
CCDEPMODE='depmode=gcc3'
CFLAGS='-g -O2'
CPPFLAGS=''
CSCOPE='cscope'
CTAGS='ctags'
CXX='g++'
CXXDEPMODE='depmode=gcc3'
CXXFLAGS='-g -O2'
CYGPATH_W='echo'
DEFS='-DHAVE_CONFIG_H'
DEPDIR='.deps'
ECHO_C=''
ECHO_N='-n'
ECHO_T=''
ETAGS='etags'
EXEEXT=''
INSTALL_DATA='${INSTALL} -m 644'
INSTALL_PROGRAM='${INSTALL}'
INSTALL_SCRIPT='${INSTALL}'
INSTALL_STRIP_PROGRAM='$(install_sh) -c -s'
LDFLAGS=''
LIBOBJS=''
LIBS=''
LTLIBOBJS=''
MAKEINFO='${SHELL} '\''/home/jaskooner/src/tanidvr-code-r34/config/missing'\'' makeinfo'
MKDIR_P='/usr/bin/mkdir -p'
OBJEXT='o'
PACKAGE='tanidvr'
PACKAGE_BUGREPORT=''
PACKAGE_NAME='tanidvr'
PACKAGE_STRING='tanidvr 1.4.1'
PACKAGE_TARNAME='tanidvr'
PACKAGE_URL=''
PACKAGE_VERSION='1.4.1'
PATH_SEPARATOR=':'
SET_MAKE=''
SHELL='/bin/bash'
STRIP=''
VERSION='1.4.1'
ac_ct_CC='gcc'
ac_ct_CXX='g++'
am__EXEEXT_FALSE=''
am__EXEEXT_TRUE='#'
am__fastdepCC_FALSE='#'
am__fastdepCC_TRUE=''
am__fastdepCXX_FALSE='#'
am__fastdepCXX_TRUE=''
am__include='include'
am__isrc=''
am__leading_dot='.'
am__nodep='_no'
am__quote=''
am__tar='$${TAR-tar} chof - "$$tardir"'
am__untar='$${TAR-tar} xf -'
bindir='${exec_prefix}/bin'
build='x86_64-pc-linux-gnu'
build_alias=''
build_cpu='x86_64'
build_os='linux-gnu'
build_vendor='pc'
datadir='${datarootdir}'
datarootdir='${prefix}/share'
docdir='${datarootdir}/doc/${PACKAGE_TARNAME}'
dvidir='${docdir}'
exec_prefix='${prefix}'
host='x86_64-pc-linux-gnu'
host_alias=''
host_cpu='x86_64'
host_os='linux-gnu'
host_vendor='pc'
htmldir='${docdir}'
includedir='${prefix}/include'
infodir='${datarootdir}/info'
install_sh='${SHELL} /home/jaskooner/src/tanidvr-code-r34/config/install-sh'
libdir='${exec_prefix}/lib'
libexecdir='${exec_prefix}/libexec'
localedir='${datarootdir}/locale'
localstatedir='${prefix}/var'
mandir='${datarootdir}/man'
mkdir_p='$(MKDIR_P)'
oldincludedir='/usr/include'
pdfdir='${docdir}'
prefix='/usr/local'
program_transform_name='s,x,x,'
psdir='${docdir}'
runstatedir='${localstatedir}/run'
sbindir='${exec_prefix}/sbin'
sharedstatedir='${prefix}/com'
sysconfdir='${prefix}/etc'
target_alias=''

## ----------- ##
## confdefs.h. ##
## ----------- ##

/* confdefs.h */
#define PACKAGE_NAME "tanidvr"
#define PACKAGE_TARNAME "tanidvr"
#define PACKAGE_VERSION "1.4.1"
#define PACKAGE_STRING "tanidvr 1.4.1"
#define PACKAGE_BUGREPORT ""
#define PACKAGE_URL ""
#define PACKAGE "tanidvr"
#define VERSION "1.4.1"
#define HAVE_STDIO_H 1
#define HAVE_STDLIB_H 1
#define HAVE_STRING_H 1
#define HAVE_INTTYPES_H 1
#define HAVE_STDINT_H 1
#define HAVE_STRINGS_H 1
#define HAVE_SYS_STAT_H 1
#define HAVE_SYS_TYPES_H 1
#define HAVE_UNISTD_H 1
#define STDC_HEADERS 1
#define HAVE_FCNTL_H 1
#define HAVE_INTTYPES_H 1
#define HAVE_LIMITS_H 1
#define HAVE_NETDB_H 1
#define HAVE_NETINET_IN_H 1
#define HAVE_STDDEF_H 1
#define HAVE_STDINT_H 1
#define HAVE_STDLIB_H 1
#define HAVE_STRING_H 1
#define HAVE_STRINGS_H 1
#define HAVE_SYS_SOCKET_H 1
#define HAVE_SYS_TIME_H 1
#define HAVE_UNISTD_H 1
#define HAVE__BOOL 1
#define HAVE_STDBOOL_H 1
#define HAVE_FORK 1
#define HAVE_VFORK 1
#define HAVE_WORKING_VFORK 1
#define HAVE_WORKING_FORK 1
#define HAVE_MALLOC 1
#define HAVE_BZERO 1
#define HAVE_GETHOSTBYNAME 1
#define HAVE_GETTIMEOFDAY 1
#define HAVE_MEMMOVE 1
#define HAVE_MEMSET 1
#define HAVE_SOCKET 1

configure: exit 0

## ---------------------- ##
## Running config.status. ##
## ---------------------- ##

This file was extended by tanidvr config.status 1.4.1, which was
generated by GNU Autoconf 2.71.  Invocation command line was

  CONFIG_FILES    = 
  CONFIG_HEADERS  = 
  CONFIG_LINKS    = 
  CONFIG_COMMANDS = 
  $ ./config.status 

on jaskooner-OMEN-by-HP-Laptop-17-an0xx

config.status:887: creating Makefile
config.status:887: creating src/Makefile
config.status:887: creating src/config.h
config.status:1068: src/config.h is unchanged
config.status:1116: executing depfiles commands
config.status:1193: cd src       && sed -e '/# am--include-marker/d' Makefile         | make -f - am--depfiles
make[2]: Entering directory '/home/jaskooner/src/tanidvr-code-r34/src'
make[2]: Leaving directory '/home/jaskooner/src/tanidvr-code-r34/src'
config.status:1198: $? = 0
